13:59:51: Creating resource group General
13:59:51: Creating resource group Internal
13:59:51: Creating resource group Autodetect
13:59:51: SceneManagerFactory for type 'DefaultSceneManager' registered.
13:59:51: Registering ResourceManager for type Material
13:59:51: Registering ResourceManager for type Mesh
13:59:51: Registering ResourceManager for type Skeleton
13:59:51: MovableObjectFactory for type 'ParticleSystem' registered.
13:59:51: OverlayElementFactory for type Panel registered.
13:59:51: OverlayElementFactory for type BorderPanel registered.
13:59:51: OverlayElementFactory for type TextArea registered.
13:59:51: Registering ResourceManager for type Font
13:59:51: ArchiveFactory for archive type FileSystem registered.
13:59:51: ArchiveFactory for archive type Zip registered.
13:59:51: DDS codec registering
13:59:51: FreeImage version: 3.13.1
13:59:51: This program uses FreeImage, a free, open source image library supporting all common bitmap formats. See http://freeimage.sourceforge.net for details
13:59:51: Supported formats: bmp,ico,jpg,jif,jpeg,jpe,jng,koa,iff,lbm,mng,pbm,pbm,pcd,pcx,pgm,pgm,png,ppm,ppm,ras,tga,targa,tif,tiff,wap,wbmp,wbm,psd,cut,xbm,xpm,gif,hdr,g3,sgi,exr,j2k,j2c,jp2,pfm,pct,pict,pic,bay,bmq,cr2,crw,cs1,dc2,dcr,dng,erf,fff,hdr,k25,kdc,mdc,mos,mrw,nef,orf,pef,pxn,raf,raw,rdc,sr2,srf,arw,3fr,cine,ia,kc2,mef,nrw,qtk,rw2,sti,drf,dsc,ptx,cap,iiq,rwz
13:59:51: Registering ResourceManager for type HighLevelGpuProgram
13:59:51: Registering ResourceManager for type Compositor
13:59:51: MovableObjectFactory for type 'Entity' registered.
13:59:51: MovableObjectFactory for type 'Light' registered.
13:59:51: MovableObjectFactory for type 'BillboardSet' registered.
13:59:51: MovableObjectFactory for type 'ManualObject' registered.
13:59:51: MovableObjectFactory for type 'BillboardChain' registered.
13:59:51: MovableObjectFactory for type 'RibbonTrail' registered.
13:59:51: Loading library .\RenderSystem_GL
13:59:51: Installing plugin: GL RenderSystem
13:59:51: OpenGL Rendering Subsystem created.
13:59:51: Plugin successfully installed
13:59:51: Loading library .\Plugin_BSPSceneManager
13:59:51: Installing plugin: BSP Scene Manager
13:59:51: Plugin successfully installed
13:59:51: Loading library .\Plugin_CgProgramManager
13:59:51: Installing plugin: Cg Program Manager
13:59:51: Plugin successfully installed
13:59:51: Loading library .\Plugin_PCZSceneManager
13:59:51: Installing plugin: Portal Connected Zone Scene Manager
13:59:51: PCZone Factory Type 'ZoneType_Default' registered
13:59:51: Plugin successfully installed
13:59:51: Loading library .\Plugin_OctreeZone
13:59:51: Installing plugin: Octree Zone Factory
13:59:51: Plugin successfully installed
13:59:51: Loading library .\Plugin_OctreeSceneManager
13:59:51: Installing plugin: Octree & Terrain Scene Manager
13:59:51: Plugin successfully installed
13:59:51: *-*-* OGRE Initialising
13:59:51: *-*-* Version 1.7.1 (Cthugha)
13:59:51: Creating resource group Essential
13:59:52: Added resource location '..\media\thumbnails' of type 'FileSystem' to resource group 'Essential'
13:59:52: Added resource location '..\media\packs\SdkTrays.zip' of type 'Zip' to resource group 'Essential'
13:59:52: Added resource location '..\media' of type 'FileSystem' to resource group 'General'
13:59:52: Creating resource group Popular
13:59:53: Added resource location '..\media\fonts' of type 'FileSystem' to resource group 'Popular'
13:59:53: Added resource location '..\media\materials\programs' of type 'FileSystem' to resource group 'Popular'
13:59:53: Added resource location '..\media\materials\scripts' of type 'FileSystem' to resource group 'Popular'
13:59:54: Added resource location '..\media\materials\textures' of type 'FileSystem' to resource group 'Popular'
13:59:55: Added resource location '..\media\materials\textures\nvidia' of type 'FileSystem' to resource group 'Popular'
13:59:55: Added resource location '..\media\models' of type 'FileSystem' to resource group 'Popular'
14:00:08: CPU Identifier & Features
14:00:08: -------------------------
14:00:08:  *   CPU ID: GenuineIntel: Pentium(R) Dual-Core CPU       T4300  @ 2.10GHz
14:00:08:  *      SSE: yes
14:00:08:  *     SSE2: yes
14:00:08:  *     SSE3: yes
14:00:08:  *      MMX: yes
14:00:08:  *   MMXEXT: yes
14:00:08:  *    3DNOW: no
14:00:08:  * 3DNOWEXT: no
14:00:08:  *     CMOV: yes
14:00:08:  *      TSC: yes
14:00:08:  *      FPU: yes
14:00:08:  *      PRO: yes
14:00:08:  *       HT: no
14:00:08: -------------------------
14:00:08: *** Starting Win32GL Subsystem ***
14:00:08: GLRenderSystem::_createRenderWindow "Cadog", 1024x768 windowed  miscParams: FSAA=0 FSAAHint= colourDepth=32 displayFrequency=0 gamma=false vsync=false vsyncInterval=1 
14:00:08: Created Win32Window 'Cadog' : 1040x728, 32bpp
14:00:09: GL_VERSION = 2.1.0 - Build 8.15.10.2182
14:00:09: GL_VENDOR = Intel
14:00:09: GL_RENDERER = Mobile Intel(R) 4 Series Express Chipset Family
14:00:09: GL_EXTENSIONS = GL_EXT_blend_minmax GL_EXT_blend_subtract GL_EXT_blend_color GL_EXT_abgr GL_EXT_texture3D GL_EXT_clip_volume_hint GL_EXT_compiled_vertex_array GL_SGIS_texture_edge_clamp GL_SGIS_generate_mipmap GL_EXT_draw_range_elements GL_SGIS_texture_lod GL_EXT_rescale_normal GL_EXT_packed_pixels GL_EXT_texture_edge_clamp GL_EXT_separate_specular_color GL_ARB_multitexture GL_EXT_texture_env_combine GL_EXT_bgra GL_EXT_blend_func_separate GL_EXT_secondary_color GL_EXT_fog_coord GL_EXT_texture_env_add GL_ARB_texture_cube_map GL_ARB_transpose_matrix GL_ARB_texture_env_add GL_IBM_texture_mirrored_repeat GL_EXT_multi_draw_arrays GL_NV_blend_square GL_ARB_texture_compression GL_3DFX_texture_compression_FXT1 GL_EXT_texture_filter_anisotropic GL_ARB_texture_border_clamp GL_ARB_point_parameters GL_ARB_texture_env_combine GL_ARB_texture_env_dot3 GL_ARB_texture_env_crossbar GL_EXT_texture_compression_s3tc GL_ARB_shadow GL_ARB_window_pos GL_EXT_shadow_funcs GL_EXT_stencil_wrap GL_ARB_vertex_program GL_EXT_texture_rectangle GL_ARB_fragment_program GL_EXT_stencil_two_side GL_ATI_separate_stencil GL_ARB_vertex_buffer_object GL_EXT_texture_lod_bias GL_ARB_occlusion_query GL_ARB_fragment_shader GL_ARB_shader_objects GL_ARB_shading_language_100 GL_ARB_texture_non_power_of_two GL_ARB_vertex_shader GL_NV_texgen_reflection GL_ARB_point_sprite GL_EXT_blend_equation_separate GL_ARB_depth_texture GL_ARB_texture_rectangle GL_ARB_draw_buffers GL_ARB_color_buffer_float GL_ARB_half_float_pixel GL_ARB_texture_float GL_ARB_pixel_buffer_object GL_EXT_framebuffer_object GL_ARB_draw_instanced GL_ARB_half_float_vertex GL_EXT_draw_buffers2 GL_WIN_swap_hint GL_EXT_texture_sRGB GL_EXT_packed_float GL_EXT_texture_shared_exponent GL_ARB_texture_rg GL_ARB_texture_compression_rgtc GL_NV_conditional_render GL_EXT_texture_swizzle GL_ARB_framebuffer_sRGB GL_EXT_packed_depth_stencil GL_ARB_depth_buffer_float GL_EXT_transform_feedback GL_EXT_framebuffer_blit GL_ARB_vertex_array_object 
14:00:09: Supported WGL extensions: WGL_EXT_depth_float WGL_ARB_buffer_region WGL_ARB_extensions_string WGL_ARB_make_current_read WGL_ARB_pixel_format WGL_ARB_pbuffer WGL_EXT_extensions_string WGL_EXT_swap_control WGL_ARB_pixel_format_float WGL_ARB_framebuffer_sRGB 
14:00:09: ***************************
14:00:09: *** GL Renderer Started ***
14:00:09: ***************************
14:00:09: Registering ResourceManager for type GpuProgram
14:00:09: GLSL support detected
14:00:09: GL: Using GL_EXT_framebuffer_object for rendering to textures (best)
14:00:09: FBO PF_UNKNOWN depth/stencil support: D0S1 D0S4 D0S8 D0S16 D16S0 D24S0 D32S0 
14:00:09: FBO PF_R5G6B5 depth/stencil support: D0S0 D0S1 D0S4 D0S8 D0S16 D16S0 D24S0 D32S0 
14:00:09: FBO PF_B5G6R5 depth/stencil support: D0S0 D0S1 D0S4 D0S8 D0S16 D16S0 D24S0 D32S0 
14:00:09: FBO PF_R8G8B8 depth/stencil support: D0S0 D0S1 D0S4 D0S8 D0S16 D16S0 D24S0 D32S0 
14:00:09: FBO PF_B8G8R8 depth/stencil support: D0S0 D0S1 D0S4 D0S8 D0S16 D16S0 D24S0 D32S0 
14:00:09: FBO PF_A8R8G8B8 depth/stencil support: D0S0 D0S1 D0S4 D0S8 D0S16 D16S0 D24S0 D32S0 
14:00:09: FBO PF_B8G8R8A8 depth/stencil support: D0S0 D0S1 D0S4 D0S8 D0S16 D16S0 D24S0 D32S0 
14:00:09: FBO PF_A2R10G10B10 depth/stencil support: D0S0 D0S1 D0S4 D0S8 D0S16 D16S0 D24S0 D32S0 
14:00:09: FBO PF_A2B10G10R10 depth/stencil support: D0S0 D0S1 D0S4 D0S8 D0S16 D16S0 D24S0 D32S0 
14:00:09: FBO PF_FLOAT16_RGB depth/stencil support: D0S0 D0S1 D0S4 D0S8 D0S16 D16S0 D24S0 D32S0 
14:00:09: FBO PF_FLOAT16_RGBA depth/stencil support: D0S0 D0S1 D0S4 D0S8 D0S16 D16S0 D24S0 D32S0 
14:00:09: FBO PF_FLOAT32_RGB depth/stencil support: D0S0 D0S1 D0S4 D0S8 D0S16 D16S0 D24S0 D32S0 
14:00:09: FBO PF_FLOAT32_RGBA depth/stencil support: D0S0 D0S1 D0S4 D0S8 D0S16 D16S0 D24S0 D32S0 
14:00:09: FBO PF_X8R8G8B8 depth/stencil support: D0S0 D0S1 D0S4 D0S8 D0S16 D16S0 D24S0 D32S0 
14:00:09: FBO PF_X8B8G8R8 depth/stencil support: D0S0 D0S1 D0S4 D0S8 D0S16 D16S0 D24S0 D32S0 
14:00:09: FBO PF_SHORT_RGBA depth/stencil support: D0S0 D0S1 D0S4 D0S8 D0S16 D16S0 D24S0 D32S0 
14:00:09: FBO PF_R3G3B2 depth/stencil support: D0S0 D0S1 D0S4 D0S8 D0S16 D16S0 D24S0 D32S0 
14:00:09: FBO PF_SHORT_RGB depth/stencil support: D0S0 D0S1 D0S4 D0S8 D0S16 D16S0 D24S0 D32S0 
14:00:09: [GL] : Valid FBO targets PF_UNKNOWN PF_R5G6B5 PF_B5G6R5 PF_R8G8B8 PF_B8G8R8 PF_A8R8G8B8 PF_B8G8R8A8 PF_A2R10G10B10 PF_A2B10G10R10 PF_FLOAT16_RGB PF_FLOAT16_RGBA PF_FLOAT32_RGB PF_FLOAT32_RGBA PF_X8R8G8B8 PF_X8B8G8R8 PF_SHORT_RGBA PF_R3G3B2 PF_SHORT_RGB 
14:00:09: RenderSystem capabilities
14:00:09: -------------------------
14:00:09: RenderSystem Name: OpenGL Rendering Subsystem
14:00:09: GPU Vendor: intel
14:00:09: Device Name: Mobile Intel(R) 4 Series Express Chipset Family
14:00:09: Driver Version: 2.1.0.0
14:00:09:  * Fixed function pipeline: yes
14:00:09:  * Hardware generation of mipmaps: no
14:00:09:  * Texture blending: yes
14:00:09:  * Anisotropic texture filtering: yes
14:00:09:  * Dot product texture operation: yes
14:00:09:  * Cube mapping: yes
14:00:09:  * Hardware stencil buffer: yes
14:00:09:    - Stencil depth: 8
14:00:09:    - Two sided stencil support: yes
14:00:09:    - Wrap stencil values: yes
14:00:09:  * Hardware vertex / index buffers: yes
14:00:09:  * Vertex programs: yes
14:00:09:  * Number of floating-point constants for vertex programs: 256
14:00:09:  * Number of integer constants for vertex programs: 0
14:00:09:  * Number of boolean constants for vertex programs: 0
14:00:09:  * Fragment programs: yes
14:00:09:  * Number of floating-point constants for fragment programs: 256
14:00:09:  * Number of integer constants for fragment programs: 0
14:00:09:  * Number of boolean constants for fragment programs: 0
14:00:09:  * Geometry programs: no
14:00:09:  * Number of floating-point constants for geometry programs: 313
14:00:09:  * Number of integer constants for geometry programs: 16412
14:00:09:  * Number of boolean constants for geometry programs: 313
14:00:09:  * Supported Shader Profiles: arbfp1 arbvp1 glsl
14:00:09:  * Texture Compression: yes
14:00:09:    - DXT: yes
14:00:09:    - VTC: no
14:00:09:    - PVRTC: no
14:00:09:  * Scissor Rectangle: yes
14:00:09:  * Hardware Occlusion Query: yes
14:00:09:  * User clip planes: yes
14:00:09:  * VET_UBYTE4 vertex element type: yes
14:00:09:  * Infinite far plane projection: yes
14:00:09:  * Hardware render-to-texture: yes
14:00:09:  * Floating point textures: yes
14:00:09:  * Non-power-of-two textures: yes
14:00:09:  * Volume textures: yes
14:00:09:  * Multiple Render Targets: 8
14:00:09:    - With different bit depths: yes
14:00:09:  * Point Sprites: yes
14:00:09:  * Extended point parameters: yes
14:00:09:  * Max Point Size: 255
14:00:09:  * Vertex texture fetch: yes
14:00:09:  * Number of world matrices: 0
14:00:09:  * Number of texture units: 16
14:00:09:  * Stencil buffer depth: 8
14:00:09:  * Number of vertex blend matrices: 0
14:00:09:    - Max vertex textures: 16
14:00:09:    - Vertex textures shared: yes
14:00:09:  * Render to Vertex Buffer : no
14:00:09:  * GL 1.5 without VBO workaround: no
14:00:09:  * Frame Buffer objects: yes
14:00:09:  * Frame Buffer objects (ARB extension): no
14:00:09:  * Frame Buffer objects (ATI extension): no
14:00:09:  * PBuffer support: no
14:00:09:  * GL 1.5 without HW-occlusion workaround: no
14:00:09: Registering ResourceManager for type Texture
14:00:09: DefaultWorkQueue('Root') initialising on thread 0x26d3d8.
14:00:09: Particle Renderer Type 'billboard' registered
14:00:09: SceneManagerFactory for type 'BspSceneManager' registered.
14:00:09: Registering ResourceManager for type BspLevel
14:00:09: SceneManagerFactory for type 'PCZSceneManager' registered.
14:00:09: MovableObjectFactory for type 'PCZLight' registered.
14:00:09: MovableObjectFactory for type 'Portal' registered.
14:00:09: MovableObjectFactory for type 'AntiPortal' registered.
14:00:09: PCZone Factory Type 'ZoneType_Octree' registered
14:00:09: PCZone Factory Type 'ZoneType_Terrain' registered
14:00:09: SceneManagerFactory for type 'OctreeSceneManager' registered.
14:00:09: DefaultWorkQueue('Root')::WorkerFunc - thread 0x5801fb8 starting.
14:00:09: SceneManagerFactory for type 'TerrainSceneManager' registered.
14:00:09: DefaultWorkQueue('Root')::WorkerFunc - thread 0x5801dd8 starting.
14:00:09: Parsing scripts for resource group Autodetect
14:00:09: Finished parsing scripts for resource group Autodetect
14:00:09: Parsing scripts for resource group Essential
14:00:09: Parsing script SdkTrays.material
14:00:09: Parsing script SdkTrays.fontdef
14:00:09: Parsing script SdkTrays.overlay
14:00:09: Bad element attribute line: '# you can offset the image to change the cursor "hotspot"' for element SdkTrays/Cursor in overlay 
14:00:09: Texture: sdk_cursor.png: Loading 1 faces(PF_A8R8G8B8,32x32x1) with 5 generated mipmaps from Image. Internal format is PF_A8R8G8B8,32x32x1.
14:00:09: Texture: sdk_tray.png: Loading 1 faces(PF_A8R8G8B8,64x64x1) with 5 generated mipmaps from Image. Internal format is PF_A8R8G8B8,64x64x1.
14:00:09: Texture: sdk_button_up.png: Loading 1 faces(PF_A8R8G8B8,128x32x1) with 5 generated mipmaps from Image. Internal format is PF_A8R8G8B8,128x32x1.
14:00:09: Texture: sdk_text_box.png: Loading 1 faces(PF_A8R8G8B8,32x32x1) with 5 generated mipmaps from Image. Internal format is PF_A8R8G8B8,32x32x1.
14:00:09: Texture: sdk_mini_tray.png: Loading 1 faces(PF_A8R8G8B8,32x32x1) with 5 generated mipmaps from Image. Internal format is PF_A8R8G8B8,32x32x1.
14:00:09: Texture: sdk_track.png: Loading 1 faces(PF_A8R8G8B8,16x32x1) with 5 generated mipmaps from Image. Internal format is PF_A8R8G8B8,16x32x1.
14:00:09: Texture: sdk_handle.png: Loading 1 faces(PF_A8R8G8B8,16x16x1) with 4 generated mipmaps from Image. Internal format is PF_A8R8G8B8,16x16x1.
14:00:09: Texture: sdk_mini_text_box.png: Loading 1 faces(PF_A8R8G8B8,32x32x1) with 5 generated mipmaps from Image. Internal format is PF_A8R8G8B8,32x32x1.
14:00:09: Texture: sdk_label.png: Loading 1 faces(PF_A8R8G8B8,32x32x1) with 5 generated mipmaps from Image. Internal format is PF_A8R8G8B8,32x32x1.
14:00:09: Texture: sdk_separator.png: Loading 1 faces(PF_A8R8G8B8,64x16x1) with 5 generated mipmaps from Image. Internal format is PF_A8R8G8B8,64x16x1.
14:00:09: Texture: sdk_logo.png: Loading 1 faces(PF_A8R8G8B8,128x64x1) with 5 generated mipmaps from Image. Internal format is PF_A8R8G8B8,128x64x1.
14:00:09: Texture: sdk_shade.png: Loading 1 faces(PF_A8R8G8B8,64x48x1) with 5 generated mipmaps from Image. Internal format is PF_A8R8G8B8,64x48x1.
14:00:09: Texture: sdk_frame.png: Loading 1 faces(PF_A8R8G8B8,32x32x1) with 5 generated mipmaps from Image. Internal format is PF_A8R8G8B8,32x32x1.
14:00:09: Texture: sdk_mini_text_box_over.png: Loading 1 faces(PF_A8R8G8B8,32x32x1) with 5 generated mipmaps from Image. Internal format is PF_A8R8G8B8,32x32x1.
14:00:09: Texture: sdk_pulse.png: Loading 1 faces(PF_R8G8B8,8x1x1) with 3 generated mipmaps from Image. Internal format is PF_X8R8G8B8,8x1x1.
14:00:09: Finished parsing scripts for resource group Essential
14:00:09: Parsing scripts for resource group General
14:00:09: Finished parsing scripts for resource group General
14:00:09: Parsing scripts for resource group Internal
14:00:09: Finished parsing scripts for resource group Internal
14:00:09: Parsing scripts for resource group Popular
14:00:09: Parsing script Examples.program
14:00:09: GLSL compiled : Ogre/BasicVertexPrograms/AmbientOneTextureGLSLNo errors.
14:00:09: GLSL compiled : Ogre/HardwareSkinningTwoWeightsGLSLNo errors.
14:00:09: OGRE EXCEPTION(2:InvalidParametersException): Parameter called ambient does not exist.  in GpuProgramParameters::_findNamedConstantDefinition at ../../../../../OgreMain/src/OgreGpuProgramParams.cpp (line 1433)
14:00:09: Compiler error: invalid parameters in Examples.program(130): setting of constant failed
14:00:09: Parsing script StdQuad_vp.program
14:00:09: Parsing script ASCII.material
14:00:09: Parsing script ASMSwizzle.material
14:00:09: Compiler error: object unsupported by render system in ASMSwizzle.material(1)
14:00:09: Parsing script BlackAndWhite.material
14:00:09: Parsing script Bloom.material
14:00:09: GLSL compiled : Blur_ps_glslNo errors.
14:00:09: GLSL compiled : Blur0_vs_glslNo errors.
14:00:09: GLSL compiled : Blur1_vs_glslNo errors.
14:00:09: Parsing script Bloom2.material
14:00:09: GLSL compiled : Bloom2_ps20_glslNo errors.
14:00:09: Parsing script CGSwizzle.material
14:00:09: Parsing script CompositorDemo.material
14:00:09: Parsing script DepthShadowmap.material
14:00:09: GLSL compiled : Ogre/DepthShadowmap/CasterVP_GLSLNo errors.
14:00:09: GLSL compiled : Ogre/DepthShadowmap/CasterFP_GLSLNo errors.
14:00:09: GLSL compiled : Ogre/DepthShadowmap/ReceiverVP_GLSLNo errors.
14:00:09: GLSL compiled : Ogre/DepthShadowmap/ReceiverFP_GLSLNo errors.
14:00:09: GLSL compiled : Ogre/DepthShadowmap/ReceiverFPPCF_GLSLNo errors.
14:00:09: GLSL compiled : Ogre/DepthShadowmap/NormalMapReceiverVP_GLSLNo errors.
14:00:09: GLSL compiled : Ogre/DepthShadowmap/NormalMapReceiverFP_GLSLNo errors.
14:00:09: GLSL compiled : Ogre/DepthShadowmap/NormalMapReceiverFPPCF_GLSLNo errors.
14:00:09: Parsing script Dither.material
14:00:09: Parsing script DOF.material
14:00:09: Parsing script Embossed.material
14:00:09: Parsing script Example-Water.material
14:00:09: Parsing script Examples-Advanced.material
14:00:09: Compiler error: object unsupported by render system in Examples-Advanced.material(383)
14:00:09: Parsing script Examples-DynTex.material
14:00:09: Parsing script Examples-Water.material
14:00:09: Parsing script Examples.material
14:00:09: OGRE EXCEPTION(2:InvalidParametersException): Parameter called camObjPos does not exist.  in GpuProgramParameters::_findNamedConstantDefinition at ../../../../../OgreMain/src/OgreGpuProgramParams.cpp (line 1433)
14:00:09: Compiler error: invalid parameters in Examples.material(837): setting of constant failed
14:00:10: GLSL compiled : Ogre/HardwareSkinningTwoWeightsShadowCasterGLSLNo errors.
14:00:10: Parsing script facial.material
14:00:10: Parsing script Glass.material
14:00:10: Parsing script GLSLSwizzle.material
14:00:10: OGRE EXCEPTION(7:InternalErrorException): Cannot compile GLSL high-level shader : Ogre/GPTest/Swizzle_GP_GLSL valor inválidoCannot compile GLSL high-level shader : Ogre/GPTest/Swizzle_GP_GLSL valor inválido in GLSLProgram::compile at ../../../../../../RenderSystems/GL/src/GLSL/src/OgreGLSLExtSupport.cpp (line 65)
14:00:10: High-level program Ogre/GPTest/Swizzle_GP_GLSL encountered an error during loading and is thus not supported.
OGRE EXCEPTION(7:InternalErrorException): Cannot compile GLSL high-level shader : Ogre/GPTest/Swizzle_GP_GLSL valor inválidoCannot compile GLSL high-level shader : Ogre/GPTest/Swizzle_GP_GLSL valor inválido in GLSLProgram::compile at ../../../../../../RenderSystems/GL/src/GLSL/src/OgreGLSLExtSupport.cpp (line 65)
14:00:10: OGRE EXCEPTION(2:InvalidParametersException): Named constants have not been initialised, perhaps a compile error. in GpuProgramParameters::_findNamedConstantDefinition at ../../../../../OgreMain/src/OgreGpuProgramParams.cpp (line 1423)
14:00:10: Compiler error: invalid parameters in GLSLSwizzle.material(15): setting of constant failed
14:00:10: OGRE EXCEPTION(2:InvalidParametersException): Named constants have not been initialised, perhaps a compile error. in GpuProgramParameters::_findNamedConstantDefinition at ../../../../../OgreMain/src/OgreGpuProgramParams.cpp (line 1423)
14:00:10: Compiler error: invalid parameters in GLSLSwizzle.material(16): setting of constant failed
14:00:10: GLSL compiled : Ogre/GPTest/Passthrough_VP_GLSLNo errors.
14:00:10: Parsing script Halftone.material
14:00:10: Parsing script hdr.material
14:00:10: GLSL compiled : Ogre/Compositor/HDR/downscale2x2LuminenceGLSL_fpNo errors.
14:00:10: GLSL compiled : Ogre/Compositor/StdQuad_GLSL_vpNo errors.
14:00:10: GLSL compiled : Ogre/Compositor/HDR/downscale3x3GLSL_fpNo errors.
14:00:10: GLSL compiled : Ogre/Compositor/HDR/utils_fpNo errors.
14:00:10: GLSL compiled : Ogre/Compositor/HDR/downscale3x3brightpassGLSL_fpNo errors.
14:00:10: GLSL compiled : Ogre/Compositor/HDR/bloomGLSL_fpNo errors.
14:00:10: GLSL compiled : Ogre/Compositor/HDR/utils_fpNo errors.
14:00:10: GLSL compiled : Ogre/Compositor/HDR/finaltonemappingGLSL_fpNo errors.
14:00:10: Parsing script HeatVision.material
14:00:10: Parsing script Hurt.material
14:00:10: Parsing script instancing.material
14:00:10: GLSL compiled : InstancingGLSLNo errors.
14:00:10: GLSL compiled : InstancingShadowCasterGLSLNo errors.
14:00:10: GLSL compiled : CrowdGLSLNo errors.
14:00:10: GLSL compiled : CrowdShadowCasterGLSLNo errors.
14:00:10: Parsing script Invert.material
14:00:10: Parsing script IsoSurf.material
14:00:10: Parsing script Laplace.material
14:00:10: Parsing script MotionBlur.material
14:00:10: Parsing script MRTtest.material
14:00:10: GLSL compiled : Ogre/MRTtest/scenefp/GLSLWARNING: 0:2: extension 'GL_ARB_draw_buffers' is not supported

No errors.
14:00:10: GLSL compiled : Ogre/MRTtest/quadfp/GLSLNo errors.
14:00:10: Parsing script NightVision.material
14:00:10: Parsing script Ocean.material
14:00:10: GLSL compiled : GLSL/OceanVSNo errors.
14:00:10: GLSL compiled : GLSL/OceanFSNo errors.
14:00:10: GLSL compiled : GLSL/Ocean2VSNo errors.
14:00:10: GLSL compiled : GLSL/Ocean2FSNo errors.
14:00:10: Parsing script OffsetMapping.material
14:00:10: Compiler error: object unsupported by render system in OffsetMapping.material(18)
14:00:10: GLSL compiled : Examples/OffsetMappingIntegratedShadowsFPglslNo errors.
14:00:10: GLSL compiled : Examples/OffsetMappingIntegratedShadowsVPglslNo errors.
14:00:10: Parsing script Ogre.material
14:00:10: Parsing script OldMovie.material
14:00:10: Parsing script OldTV.material
14:00:10: Parsing script ParticleGS.material
14:00:10: Parsing script Penguin.material
14:00:10: Parsing script Posterize.material
14:00:10: Parsing script pssm.material
14:00:10: Parsing script RadialBlur.material
14:00:10: Parsing script RZR-002.material
14:00:10: Parsing script ShaderSystem.material
14:00:10: Parsing script shadows.material
14:00:10: Parsing script SharpenEdges.material
14:00:10: Parsing script sibenik.material
14:00:10: Parsing script smoke.material
14:00:10: Parsing script Tiling.material
14:00:10: Parsing script tree2.material
14:00:10: Parsing script VarianceShadowmap.material
14:00:10: Parsing script Examples.compositor
14:00:10: Parsing script sample.fontdef
14:00:10: Finished parsing scripts for resource group Popular
14:00:10: *** Initializing OIS ***
14:00:10: Font SdkTrays/Captionusing texture size 512x256
14:00:10: Info: Freetype returned null for character 160 in font SdkTrays/Caption
14:00:10: Texture: SdkTrays/CaptionTexture: Loading 1 faces(PF_BYTE_LA,512x256x1) with 0 generated mipmaps from Image. Internal format is PF_BYTE_LA,512x256x1.
14:00:10: Font SdkTrays/Valueusing texture size 512x512
14:00:10: Info: Freetype returned null for character 127 in font SdkTrays/Value
14:00:10: Info: Freetype returned null for character 128 in font SdkTrays/Value
14:00:10: Info: Freetype returned null for character 129 in font SdkTrays/Value
14:00:10: Info: Freetype returned null for character 130 in font SdkTrays/Value
14:00:10: Info: Freetype returned null for character 131 in font SdkTrays/Value
14:00:10: Info: Freetype returned null for character 132 in font SdkTrays/Value
14:00:10: Info: Freetype returned null for character 133 in font SdkTrays/Value
14:00:10: Info: Freetype returned null for character 134 in font SdkTrays/Value
14:00:10: Info: Freetype returned null for character 135 in font SdkTrays/Value
14:00:10: Info: Freetype returned null for character 136 in font SdkTrays/Value
14:00:10: Info: Freetype returned null for character 137 in font SdkTrays/Value
14:00:10: Info: Freetype returned null for character 138 in font SdkTrays/Value
14:00:10: Info: Freetype returned null for character 139 in font SdkTrays/Value
14:00:10: Info: Freetype returned null for character 140 in font SdkTrays/Value
14:00:10: Info: Freetype returned null for character 141 in font SdkTrays/Value
14:00:10: Info: Freetype returned null for character 142 in font SdkTrays/Value
14:00:10: Info: Freetype returned null for character 143 in font SdkTrays/Value
14:00:10: Info: Freetype returned null for character 144 in font SdkTrays/Value
14:00:10: Info: Freetype returned null for character 145 in font SdkTrays/Value
14:00:10: Info: Freetype returned null for character 146 in font SdkTrays/Value
14:00:10: Info: Freetype returned null for character 147 in font SdkTrays/Value
14:00:10: Info: Freetype returned null for character 148 in font SdkTrays/Value
14:00:10: Info: Freetype returned null for character 149 in font SdkTrays/Value
14:00:10: Info: Freetype returned null for character 150 in font SdkTrays/Value
14:00:10: Info: Freetype returned null for character 151 in font SdkTrays/Value
14:00:10: Info: Freetype returned null for character 152 in font SdkTrays/Value
14:00:10: Info: Freetype returned null for character 153 in font SdkTrays/Value
14:00:10: Info: Freetype returned null for character 154 in font SdkTrays/Value
14:00:10: Info: Freetype returned null for character 155 in font SdkTrays/Value
14:00:10: Info: Freetype returned null for character 156 in font SdkTrays/Value
14:00:10: Info: Freetype returned null for character 157 in font SdkTrays/Value
14:00:10: Info: Freetype returned null for character 158 in font SdkTrays/Value
14:00:10: Info: Freetype returned null for character 159 in font SdkTrays/Value
14:00:10: Info: Freetype returned null for character 160 in font SdkTrays/Value
14:00:10: Texture: SdkTrays/ValueTexture: Loading 1 faces(PF_BYTE_LA,512x512x1) with 0 generated mipmaps from Image. Internal format is PF_BYTE_LA,512x512x1.
14:00:11: Texture: grass_1024.jpg: Loading 1 faces(PF_R8G8B8,1024x1024x1) with 5 generated mipmaps from Image. Internal format is PF_X8R8G8B8,1024x1024x1.
14:00:11: Mesh: Loading column.mesh.
14:00:11: Texture: egyptrockyfull.jpg: Loading 1 faces(PF_R8G8B8,512x512x1) with 5 generated mipmaps from Image. Internal format is PF_X8R8G8B8,512x512x1.
14:00:11: Mesh: Loading athene.mesh.
14:00:11: WARNING: athene.mesh is an older format ([MeshSerializer_v1.40]); you should upgrade it as soon as possible using the OgreMeshUpgrade tool.
14:00:11: Can't assign material 1 - Default to SubEntity of b32 because this Material does not exist. Have you forgotten to define it in a .material script?
14:00:11: Can't assign material 1 - Default to SubEntity of b33 because this Material does not exist. Have you forgotten to define it in a .material script?
14:00:11: Can't assign material 1 - Default to SubEntity of b34 because this Material does not exist. Have you forgotten to define it in a .material script?
14:00:11: Can't assign material 1 - Default to SubEntity of b35 because this Material does not exist. Have you forgotten to define it in a .material script?
14:00:11: Can't assign material 1 - Default to SubEntity of b36 because this Material does not exist. Have you forgotten to define it in a .material script?
14:00:11: Can't assign material 1 - Default to SubEntity of b69 because this Material does not exist. Have you forgotten to define it in a .material script?
14:00:11: Can't assign material 1 - Default to SubEntity of b70 because this Material does not exist. Have you forgotten to define it in a .material script?
14:00:11: Can't assign material 1 - Default to SubEntity of b71 because this Material does not exist. Have you forgotten to define it in a .material script?
14:00:11: Can't assign material 1 - Default to SubEntity of b72 because this Material does not exist. Have you forgotten to define it in a .material script?
14:00:11: Can't assign material 1 - Default to SubEntity of b73 because this Material does not exist. Have you forgotten to define it in a .material script?
14:00:11: Can't assign material 1 - Default to SubEntity of b106 because this Material does not exist. Have you forgotten to define it in a .material script?
14:00:11: Can't assign material 1 - Default to SubEntity of b107 because this Material does not exist. Have you forgotten to define it in a .material script?
14:00:11: Can't assign material 1 - Default to SubEntity of b108 because this Material does not exist. Have you forgotten to define it in a .material script?
14:00:11: Can't assign material 1 - Default to SubEntity of b109 because this Material does not exist. Have you forgotten to define it in a .material script?
14:00:11: Can't assign material 1 - Default to SubEntity of b110 because this Material does not exist. Have you forgotten to define it in a .material script?
14:00:11: Mesh: Loading cube.mesh.
14:00:11: Can't assign material 1 - Default to SubEntity of b143 because this Material does not exist. Have you forgotten to define it in a .material script?
14:00:11: Mesh: Loading sphere.mesh.
14:00:11: Texture: RustySteel.jpg: Loading 1 faces(PF_R8G8B8,256x256x1) with 5 generated mipmaps from Image. Internal format is PF_X8R8G8B8,256x256x1.
14:00:11: Texture: spheremap.png: Loading 1 faces(PF_R8G8B8,256x256x1) with 5 generated mipmaps from Image. Internal format is PF_X8R8G8B8,256x256x1.
14:00:11: Can't assign material 1 - Default to SubEntity of b145 because this Material does not exist. Have you forgotten to define it in a .material script?
14:00:11: Mesh: Loading ogrehead.mesh.
14:00:11: Texture: GreenSkin.jpg: Loading 1 faces(PF_R8G8B8,256x256x1) with 5 generated mipmaps from Image. Internal format is PF_X8R8G8B8,256x256x1.
14:00:11: Texture: tusk.jpg: Loading 1 faces(PF_R8G8B8,96x96x1) with 5 generated mipmaps from Image. Internal format is PF_X8R8G8B8,96x96x1.
14:00:11: Mesh: Loading ninja.mesh.
14:00:11: Skeleton: Loading ninja.skeleton
14:00:11: Texture: nskingr.jpg: Loading 1 faces(PF_R8G8B8,512x512x1) with 5 generated mipmaps from Image. Internal format is PF_X8R8G8B8,512x512x1.
14:00:11: Can't assign material 1 - Default to SubEntity of b180 because this Material does not exist. Have you forgotten to define it in a .material script?
14:00:11: Can't assign material 1 - Default to SubEntity of b181 because this Material does not exist. Have you forgotten to define it in a .material script?
14:00:11: Can't assign material 1 - Default to SubEntity of b182 because this Material does not exist. Have you forgotten to define it in a .material script?
14:00:11: Can't assign material 1 - Default to SubEntity of b183 because this Material does not exist. Have you forgotten to define it in a .material script?
14:00:11: Can't assign material 1 - Default to SubEntity of b184 because this Material does not exist. Have you forgotten to define it in a .material script?
14:00:11: Can't assign material 1 - Default to SubEntity of b185 because this Material does not exist. Have you forgotten to define it in a .material script?
14:00:11: Can't assign material 1 - Default to SubEntity of b218 because this Material does not exist. Have you forgotten to define it in a .material script?
14:00:11: Can't assign material 1 - Default to SubEntity of b219 because this Material does not exist. Have you forgotten to define it in a .material script?
14:00:11: Can't assign material 1 - Default to SubEntity of b220 because this Material does not exist. Have you forgotten to define it in a .material script?
14:00:11: Can't assign material 1 - Default to SubEntity of b221 because this Material does not exist. Have you forgotten to define it in a .material script?
14:00:11: Can't assign material 1 - Default to SubEntity of b222 because this Material does not exist. Have you forgotten to define it in a .material script?
14:00:11: Can't assign material 1 - Default to SubEntity of b255 because this Material does not exist. Have you forgotten to define it in a .material script?
14:00:11: Can't assign material 1 - Default to SubEntity of b256 because this Material does not exist. Have you forgotten to define it in a .material script?
14:00:11: Can't assign material 1 - Default to SubEntity of b257 because this Material does not exist. Have you forgotten to define it in a .material script?
14:00:11: Can't assign material 1 - Default to SubEntity of b258 because this Material does not exist. Have you forgotten to define it in a .material script?
14:00:11: Can't assign material 1 - Default to SubEntity of b259 because this Material does not exist. Have you forgotten to define it in a .material script?
14:00:11: Texture: spot_shadow_fade.png: Loading 1 faces(PF_R8G8B8,128x128x1) with 5 generated mipmaps from Image. Internal format is PF_X8R8G8B8,128x128x1.
14:00:14: Texture: sdk_button_over.png: Loading 1 faces(PF_A8R8G8B8,128x32x1) with 5 generated mipmaps from Image. Internal format is PF_A8R8G8B8,128x32x1.
14:00:15: Texture: sdk_button_down.png: Loading 1 faces(PF_A8R8G8B8,128x32x1) with 5 generated mipmaps from Image. Internal format is PF_A8R8G8B8,128x32x1.
14:00:55: Mesh: Loading Barrel.mesh.
14:00:55: Texture: RustyBarrel.png: Loading 1 faces(PF_R8G8B8,256x256x1) with 5 generated mipmaps from Image. Internal format is PF_X8R8G8B8,256x256x1.
14:00:55: Can't assign material 1 - Default to SubEntity of b3 because this Material does not exist. Have you forgotten to define it in a .material script?
14:05:29: DefaultWorkQueue('Root') shutting down on thread 0x26d3d8.
14:05:29: DefaultWorkQueue('Root')::WorkerFunc - thread 0x5801dd8 stopped.
14:05:29: DefaultWorkQueue('Root')::WorkerFunc - thread 0x5801fb8 stopped.
14:05:29: PCZone Factory Type 'ZoneType_Octree' unregistered
14:05:29: PCZone Factory Type 'ZoneType_Terrain' unregistered
14:05:29: Unregistering ResourceManager for type BspLevel
14:05:29: *-*-* OGRE Shutdown
14:05:29: Unregistering ResourceManager for type Compositor
14:05:29: Unregistering ResourceManager for type Font
14:05:29: Unregistering ResourceManager for type Skeleton
14:05:29: Unregistering ResourceManager for type Mesh
14:05:29: Unregistering ResourceManager for type HighLevelGpuProgram
14:05:29: Uninstalling plugin: Octree & Terrain Scene Manager
14:05:29: Plugin successfully uninstalled
14:05:29: Unloading library .\Plugin_OctreeSceneManager
14:05:29: Uninstalling plugin: Octree Zone Factory
14:05:29: Plugin successfully uninstalled
14:05:29: Unloading library .\Plugin_OctreeZone
14:05:29: Uninstalling plugin: Portal Connected Zone Scene Manager
14:05:29: Plugin successfully uninstalled
14:05:29: Unloading library .\Plugin_PCZSceneManager
14:05:29: Uninstalling plugin: Cg Program Manager
14:05:29: Plugin successfully uninstalled
14:05:29: Unloading library .\Plugin_CgProgramManager
14:05:29: Uninstalling plugin: BSP Scene Manager
14:05:29: Plugin successfully uninstalled
14:05:29: Unloading library .\Plugin_BSPSceneManager
14:05:29: Uninstalling plugin: GL RenderSystem
14:05:29: Unregistering ResourceManager for type GpuProgram
14:05:29: *** Stopping Win32GL Subsystem ***
14:05:29: Unregistering ResourceManager for type Texture
14:05:29: Plugin successfully uninstalled
14:05:29: Unloading library .\RenderSystem_GL
14:05:29: Unregistering ResourceManager for type Material
